c:\users\rory\source\repos\raycast\raycast\x64\debug\vc143.pdb
c:\users\rory\source\repos\raycast\raycast\x64\debug\vc143.idb
c:\users\rory\source\repos\raycast\raycast\x64\debug\main.obj
c:\users\rory\source\repos\raycast\x64\debug\raycast.exe
c:\users\rory\source\repos\raycast\x64\debug\raycast.pdb
c:\users\rory\source\repos\raycast\raycast\x64\debug\raycast.ilk
c:\users\rory\source\repos\raycast\raycast\x64\debug\raycast.obj
c:\users\rory\source\repos\raycast\raycast\x64\debug\raycast.tlog\cl.command.1.tlog
c:\users\rory\source\repos\raycast\raycast\x64\debug\raycast.tlog\cl.items.tlog
c:\users\rory\source\repos\raycast\raycast\x64\debug\raycast.tlog\cl.read.1.tlog
c:\users\rory\source\repos\raycast\raycast\x64\debug\raycast.tlog\cl.write.1.tlog
c:\users\rory\source\repos\raycast\raycast\x64\debug\raycast.tlog\link-cvtres.read.1.tlog
c:\users\rory\source\repos\raycast\raycast\x64\debug\raycast.tlog\link-cvtres.write.1.tlog
c:\users\rory\source\repos\raycast\raycast\x64\debug\raycast.tlog\link-rc.read.1.tlog
c:\users\rory\source\repos\raycast\raycast\x64\debug\raycast.tlog\link-rc.write.1.tlog
c:\users\rory\source\repos\raycast\raycast\x64\debug\raycast.tlog\link.10676-cvtres.read.1.tlog
c:\users\rory\source\repos\raycast\raycast\x64\debug\raycast.tlog\link.10676-cvtres.write.1.tlog
c:\users\rory\source\repos\raycast\raycast\x64\debug\raycast.tlog\link.10676-rc.read.1.tlog
c:\users\rory\source\repos\raycast\raycast\x64\debug\raycast.tlog\link.10676-rc.write.1.tlog
c:\users\rory\source\repos\raycast\raycast\x64\debug\raycast.tlog\link.10676.read.1.tlog
c:\users\rory\source\repos\raycast\raycast\x64\debug\raycast.tlog\link.10676.read.2.tlog
c:\users\rory\source\repos\raycast\raycast\x64\debug\raycast.tlog\link.10676.write.1.tlog
c:\users\rory\source\repos\raycast\raycast\x64\debug\raycast.tlog\link.command.1.tlog
c:\users\rory\source\repos\raycast\raycast\x64\debug\raycast.tlog\link.read.1.tlog
c:\users\rory\source\repos\raycast\raycast\x64\debug\raycast.tlog\link.read.2.tlog
c:\users\rory\source\repos\raycast\raycast\x64\debug\raycast.tlog\link.secondary.1.tlog
c:\users\rory\source\repos\raycast\raycast\x64\debug\raycast.tlog\link.write.1.tlog
